0 info it worked if it ends with ok
1 verbose cli [ '/usr/local/bin/node',
1 verbose cli   '/usr/local/bin/npm',
1 verbose cli   'install',
1 verbose cli   '-g',
1 verbose cli   'pulverizr' ]
2 info using npm@1.1.66
3 info using node@v0.8.15
4 verbose node symlink /usr/local/bin/node
5 verbose read json /usr/local/lib/package.json
6 verbose read json /usr/local/lib/package.json
7 verbose cache add [ 'pulverizr', null ]
8 silly cache add name=undefined spec="pulverizr" args=["pulverizr",null]
9 verbose parsed url { pathname: 'pulverizr', path: 'pulverizr', href: 'pulverizr' }
10 silly lockFile aa962b91-pulverizr pulverizr
11 verbose lock pulverizr /home/michieljoris/.npm/aa962b91-pulverizr.lock
12 silly lockFile aa962b91-pulverizr pulverizr
13 verbose addNamed [ 'pulverizr', '' ]
14 verbose addNamed [ null, '' ]
15 silly lockFile 5ec3f1b3-pulverizr pulverizr@
16 verbose lock pulverizr@ /home/michieljoris/.npm/5ec3f1b3-pulverizr.lock
17 silly addNameRange { name: 'pulverizr', range: '', hasData: false }
18 verbose url raw pulverizr
19 verbose url resolving [ 'https://registry.npmjs.org/', './pulverizr' ]
20 verbose url resolved https://registry.npmjs.org/pulverizr
21 info trying registry request attempt 1 at 15:12:56
22 http GET https://registry.npmjs.org/pulverizr
23 http 404 https://registry.npmjs.org/pulverizr
24 silly registry.get cb [ 404,
24 silly registry.get   { server: 'CouchDB/1.3.0 (Erlang OTP/R15B03)',
24 silly registry.get     date: 'Thu, 09 May 2013 05:12:57 GMT',
24 silly registry.get     'content-type': 'application/json',
24 silly registry.get     'content-length': '52',
24 silly registry.get     'cache-control': 'must-revalidate' } ]
25 silly lockFile 5ec3f1b3-pulverizr pulverizr@
26 error 404 'pulverizr' is not in the npm registry.
26 error 404 You should bug the author to publish it
26 error 404
26 error 404 Note that you can also install from a
26 error 404 tarball, folder, or http url, or git url.
27 error System Linux 3.5.0-17-generic
28 error command "/usr/local/bin/node" "/usr/local/bin/npm" "install" "-g" "pulverizr"
29 error cwd /home/michieljoris/www/sites/greenglass
30 error node -v v0.8.15
31 error npm -v 1.1.66
32 error code E404
33 verbose exit [ 1, true ]
